Wed Nov  9 11:05:39 2022 [58502][-none-][FATAL] SugarBean::populateDefaultValues $field_defs should be an array
Wed Nov  9 11:05:50 2022 [58502][-none-][FATAL] User update error: Temp User is not retrieved at ID 1, boolean given
Wed Nov  9 11:05:50 2022 [58502][-none-][FATAL] Email address save error
Wed Nov  9 11:05:53 2022 [58502][1][FATAL] SugarBean::populateDefaultValues $field_defs should be an array
Wed Nov  9 11:05:54 2022 [58502][1][FATAL] SugarBean::populateDefaultValues $field_defs should be an array
Wed Nov  9 11:05:54 2022 [58502][1][FATAL] SugarBean::populateDefaultValues $field_defs should be an array
Wed Nov  9 11:05:55 2022 [58502][1][FATAL] SugarBean::populateDefaultValues $field_defs should be an array
Wed Nov  9 11:16:04 2022 [58501][1][FATAL] SugarBean::populateDefaultValues $field_defs should be an array
Wed Nov  9 11:23:37 2022 [58501][1][FATAL] SugarBean::populateDefaultValues $field_defs should be an array
Wed Nov  9 11:23:39 2022 [58501][1][FATAL] SugarBean::populateDefaultValues $field_defs should be an array
Wed Nov  9 11:23:42 2022 [58502][1][FATAL] SugarBean::populateDefaultValues $field_defs should be an array
Wed Nov  9 11:25:17 2022 [58735][1][FATAL] DeployedMetaDataImplementation: cannot create popup view for module Notes - definitions for popuplist are missing in the SugarObject template for type file
Wed Nov  9 11:25:17 2022 [58735][1][FATAL] DeployedMetaDataImplementation: cannot create popup view for module Notes - definitions for popupsearch are missing in the SugarObject template for type file
Wed Nov  9 11:25:17 2022 [58735][1][FATAL] SugarBean::populateDefaultValues $field_defs should be an array
Wed Nov  9 13:12:10 2022 [58735][1][FATAL] SugarBean::populateDefaultValues $field_defs should be an array
Wed Nov  9 13:12:13 2022 [58735][1][FATAL] SugarBean::populateDefaultValues $field_defs should be an array
Wed Nov  9 13:12:18 2022 [59521][1][FATAL] SugarBean::populateDefaultValues $field_defs should be an array
Wed Nov  9 13:12:25 2022 [59519][1][FATAL] Mysqli_query failed.
Wed Nov  9 13:12:25 2022 [59519][1][FATAL]  Query Failed:  SELECT  oo_docserver.id , oo_docserver.created_by , oo_docserver.document_name , oo_docserver.category_id , oo_docserver.subcategory_id  , jt0.user_name created_by_name , jt0.created_by created_by_name_owner  , 'Users' created_by_name_mod, oo_docserver.active_date , oo_docserver.exp_date , oo_docserver.assigned_user_id  FROM oo_docserver   LEFT JOIN  users jt0 ON oo_docserver.created_by=jt0.id AND jt0.deleted=0

 AND jt0.deleted=0 where oo_docserver.deleted=0 ORDER BY oo_docserver.date_entered DESC LIMIT 0,21: MySQL error 1146: Table 'suitecrm.oo_docserver' doesn't exist
Wed Nov  9 13:12:39 2022 [59521][1][FATAL] Mysqli_query failed.
Wed Nov  9 13:12:39 2022 [59521][1][FATAL]  Query Failed:  SELECT  oo_docserver.id , oo_docserver.created_by , oo_docserver.document_name , oo_docserver.category_id , oo_docserver.subcategory_id  , jt0.user_name created_by_name , jt0.created_by created_by_name_owner  , 'Users' created_by_name_mod, oo_docserver.active_date , oo_docserver.exp_date , oo_docserver.assigned_user_id  FROM oo_docserver   LEFT JOIN  users jt0 ON oo_docserver.created_by=jt0.id AND jt0.deleted=0

 AND jt0.deleted=0 where oo_docserver.deleted=0 ORDER BY oo_docserver.date_entered DESC LIMIT 0,21: MySQL error 1146: Table 'suitecrm.oo_docserver' doesn't exist
Wed Nov  9 13:13:05 2022 [59521][1][FATAL] SugarBean::populateDefaultValues $field_defs should be an array
Wed Nov  9 13:21:57 2022 [58735][1][FATAL] SugarBean::populateDefaultValues $field_defs should be an array
Wed Nov  9 13:21:59 2022 [58735][1][FATAL] SugarBean::populateDefaultValues $field_defs should be an array
Wed Nov  9 13:22:00 2022 [58735][1][FATAL] SugarBean::populateDefaultValues $field_defs should be an array
Wed Nov  9 13:22:45 2022 [58735][1][FATAL] SugarBean::populateDefaultValues $field_defs should be an array
Wed Nov  9 13:22:48 2022 [58735][1][FATAL] SugarBean::populateDefaultValues $field_defs should be an array
Wed Nov  9 13:22:48 2022 [58735][1][FATAL] SugarBean::populateDefaultValues $field_defs should be an array
Wed Nov  9 14:50:30 2022 [58735][1][FATAL] SugarBean::populateDefaultValues $field_defs should be an array
Wed Nov  9 14:50:32 2022 [58735][1][FATAL] SugarBean::populateDefaultValues $field_defs should be an array
Wed Nov  9 14:50:32 2022 [58735][1][FATAL] SugarBean::populateDefaultValues $field_defs should be an array
Wed Nov  9 14:56:02 2022 [59519][1][FATAL] SugarBean::populateDefaultValues $field_defs should be an array
Wed Nov  9 14:56:05 2022 [59519][1][FATAL] SugarBean::populateDefaultValues $field_defs should be an array
Wed Nov  9 14:56:05 2022 [59519][1][FATAL] SugarBean::populateDefaultValues $field_defs should be an array
Wed Nov  9 14:57:13 2022 [59521][1][FATAL] SugarBean::populateDefaultValues $field_defs should be an array
Wed Nov  9 14:57:15 2022 [59521][1][FATAL] SugarBean::populateDefaultValues $field_defs should be an array
Wed Nov  9 14:57:15 2022 [59521][1][FATAL] SugarBean::populateDefaultValues $field_defs should be an array
Wed Nov  9 15:07:59 2022 [59521][1][FATAL] SugarBean::populateDefaultValues $field_defs should be an array
Wed Nov  9 15:08:01 2022 [59521][1][FATAL] SugarBean::populateDefaultValues $field_defs should be an array
Wed Nov  9 15:08:02 2022 [59521][1][FATAL] SugarBean::populateDefaultValues $field_defs should be an array
Wed Nov  9 15:29:03 2022 [59521][1][FATAL] SugarBean::populateDefaultValues $field_defs should be an array
Wed Nov  9 15:29:05 2022 [59521][1][FATAL] SugarBean::populateDefaultValues $field_defs should be an array
Wed Nov  9 15:29:05 2022 [59521][1][FATAL] SugarBean::populateDefaultValues $field_defs should be an array
Wed Nov  9 15:45:24 2022 [59519][1][FATAL] SugarBean::populateDefaultValues $field_defs should be an array
Wed Nov  9 15:45:26 2022 [59519][1][FATAL] SugarBean::populateDefaultValues $field_defs should be an array
Wed Nov  9 15:45:26 2022 [59519][1][FATAL] SugarBean::populateDefaultValues $field_defs should be an array
Wed Nov  9 15:54:41 2022 [59519][1][FATAL] SugarBean::populateDefaultValues $field_defs should be an array
Wed Nov  9 15:54:43 2022 [59519][1][FATAL] SugarBean::populateDefaultValues $field_defs should be an array
Wed Nov  9 15:54:43 2022 [59519][1][FATAL] SugarBean::populateDefaultValues $field_defs should be an array
Wed Nov  9 16:08:03 2022 [58735][1][FATAL] SugarBean::populateDefaultValues $field_defs should be an array
Wed Nov  9 16:08:05 2022 [58735][1][FATAL] SugarBean::populateDefaultValues $field_defs should be an array
Wed Nov  9 16:08:06 2022 [58735][1][FATAL] SugarBean::populateDefaultValues $field_defs should be an array
Wed Nov  9 16:14:25 2022 [59521][1][FATAL] SugarBean::populateDefaultValues $field_defs should be an array
Wed Nov  9 16:14:27 2022 [59521][1][FATAL] SugarBean::populateDefaultValues $field_defs should be an array
Wed Nov  9 16:14:28 2022 [59521][1][FATAL] SugarBean::populateDefaultValues $field_defs should be an array
Thu Nov 10 08:02:03 2022 [59519][1][FATAL] SugarBean::populateDefaultValues $field_defs should be an array
Thu Nov 10 08:02:11 2022 [59521][1][FATAL] SugarBean::populateDefaultValues $field_defs should be an array
Thu Nov 10 08:02:13 2022 [59521][1][FATAL] SugarBean::populateDefaultValues $field_defs should be an array
Thu Nov 10 08:02:13 2022 [59521][1][FATAL] SugarBean::populateDefaultValues $field_defs should be an array
Thu Nov 10 08:03:27 2022 [58735][1][FATAL] SugarBean::populateDefaultValues $field_defs should be an array
Thu Nov 10 08:03:29 2022 [58735][1][FATAL] SugarBean::populateDefaultValues $field_defs should be an array
Thu Nov 10 08:03:29 2022 [58735][1][FATAL] SugarBean::populateDefaultValues $field_defs should be an array
Thu Nov 10 08:14:29 2022 [59519][1][FATAL] SugarBean::populateDefaultValues $field_defs should be an array
Thu Nov 10 08:14:31 2022 [59519][1][FATAL] SugarBean::populateDefaultValues $field_defs should be an array
Thu Nov 10 08:14:32 2022 [59519][1][FATAL] SugarBean::populateDefaultValues $field_defs should be an array
Thu Nov 10 08:18:00 2022 [58735][1][FATAL] IP Address mismatch: SESSION IP: 5.140.93.206 CLIENT IP: 193.19.204.89
Thu Nov 10 08:29:46 2022 [59521][1][FATAL] SugarBean::populateDefaultValues $field_defs should be an array
Thu Nov 10 08:29:58 2022 [58735][1][FATAL] SugarBean::populateDefaultValues $field_defs should be an array
Thu Nov 10 08:29:59 2022 [58735][1][FATAL] SugarBean::populateDefaultValues $field_defs should be an array
Thu Nov 10 08:30:00 2022 [58735][1][FATAL] SugarBean::populateDefaultValues $field_defs should be an array
Thu Nov 10 08:31:08 2022 [59519][1][FATAL] SugarBean::populateDefaultValues $field_defs should be an array
Thu Nov 10 08:31:10 2022 [59519][1][FATAL] SugarBean::populateDefaultValues $field_defs should be an array
Thu Nov 10 08:31:10 2022 [59519][1][FATAL] SugarBean::populateDefaultValues $field_defs should be an array
Thu Nov 10 08:38:36 2022 [59519][1][FATAL] SugarBean::populateDefaultValues $field_defs should be an array
Thu Nov 10 08:38:37 2022 [59519][1][FATAL] SugarBean::populateDefaultValues $field_defs should be an array
Thu Nov 10 08:38:37 2022 [59519][1][FATAL] SugarBean::populateDefaultValues $field_defs should be an array
Thu Nov 10 08:45:25 2022 [59519][1][FATAL] SugarBean::populateDefaultValues $field_defs should be an array
Thu Nov 10 08:45:26 2022 [59519][1][FATAL] SugarBean::populateDefaultValues $field_defs should be an array
Thu Nov 10 08:45:26 2022 [59519][1][FATAL] SugarBean::populateDefaultValues $field_defs should be an array
Thu Nov 10 08:55:47 2022 [58735][1][FATAL] SugarBean::populateDefaultValues $field_defs should be an array
Thu Nov 10 08:55:50 2022 [58735][1][FATAL] SugarBean::populateDefaultValues $field_defs should be an array
Thu Nov 10 08:55:50 2022 [58735][1][FATAL] SugarBean::populateDefaultValues $field_defs should be an array
Thu Nov 10 08:59:43 2022 [58735][1][FATAL] SugarBean::populateDefaultValues $field_defs should be an array
Thu Nov 10 08:59:45 2022 [58735][1][FATAL] SugarBean::populateDefaultValues $field_defs should be an array
Thu Nov 10 08:59:45 2022 [58735][1][FATAL] SugarBean::populateDefaultValues $field_defs should be an array
Thu Nov 10 09:30:51 2022 [58735][1][FATAL] IP Address mismatch: SESSION IP: 193.19.204.89 CLIENT IP: 5.140.93.206
Thu Nov 10 10:29:03 2022 [58735][1][FATAL] SugarBean::populateDefaultValues $field_defs should be an array
Thu Nov 10 10:29:14 2022 [59519][1][FATAL] SugarBean::populateDefaultValues $field_defs should be an array
Thu Nov 10 10:29:15 2022 [59519][1][FATAL] SugarBean::populateDefaultValues $field_defs should be an array
Thu Nov 10 10:29:15 2022 [59519][1][FATAL] SugarBean::populateDefaultValues $field_defs should be an array
Thu Nov 10 10:30:33 2022 [59519][1][FATAL] SugarBean::populateDefaultValues $field_defs should be an array
Thu Nov 10 10:30:35 2022 [59519][1][FATAL] SugarBean::populateDefaultValues $field_defs should be an array
Thu Nov 10 10:30:35 2022 [59519][1][FATAL] SugarBean::populateDefaultValues $field_defs should be an array
Thu Nov 10 10:31:45 2022 [59521][1][FATAL] SugarBean::populateDefaultValues $field_defs should be an array
Thu Nov 10 10:31:47 2022 [59521][1][FATAL] SugarBean::populateDefaultValues $field_defs should be an array
Thu Nov 10 10:31:48 2022 [59521][1][FATAL] SugarBean::populateDefaultValues $field_defs should be an array
Thu Nov 10 10:33:07 2022 [59519][1][FATAL] SugarBean::populateDefaultValues $field_defs should be an array
Thu Nov 10 10:33:09 2022 [59519][1][FATAL] SugarBean::populateDefaultValues $field_defs should be an array
Thu Nov 10 10:33:09 2022 [59519][1][FATAL] SugarBean::populateDefaultValues $field_defs should be an array
Thu Nov 10 10:33:45 2022 [58735][1][FATAL] SugarBean::populateDefaultValues $field_defs should be an array
Thu Nov 10 10:33:47 2022 [58735][1][FATAL] SugarBean::populateDefaultValues $field_defs should be an array
Thu Nov 10 10:33:47 2022 [58735][1][FATAL] SugarBean::populateDefaultValues $field_defs should be an array
Thu Nov 10 10:38:43 2022 [59521][1][FATAL] SugarBean::populateDefaultValues $field_defs should be an array
Thu Nov 10 10:38:44 2022 [59521][1][FATAL] SugarBean::populateDefaultValues $field_defs should be an array
Thu Nov 10 10:38:44 2022 [59521][1][FATAL] SugarBean::populateDefaultValues $field_defs should be an array
Thu Nov 10 10:40:05 2022 [58735][1][FATAL] SugarBean::populateDefaultValues $field_defs should be an array
Thu Nov 10 10:40:07 2022 [58735][1][FATAL] SugarBean::populateDefaultValues $field_defs should be an array
Thu Nov 10 10:40:07 2022 [58735][1][FATAL] SugarBean::populateDefaultValues $field_defs should be an array
Thu Nov 10 10:40:22 2022 [59521][1][FATAL] Error: Module oo_docserver does not exist.
Thu Nov 10 10:41:49 2022 [59521][1][FATAL] SugarBean::populateDefaultValues $field_defs should be an array
Thu Nov 10 10:41:50 2022 [59521][1][FATAL] SugarBean::populateDefaultValues $field_defs should be an array
Thu Nov 10 10:41:51 2022 [59521][1][FATAL] SugarBean::populateDefaultValues $field_defs should be an array
Thu Nov 10 10:43:08 2022 [59521][1][FATAL] SugarBean::populateDefaultValues $field_defs should be an array
Thu Nov 10 10:43:10 2022 [59521][1][FATAL] SugarBean::populateDefaultValues $field_defs should be an array
Thu Nov 10 10:43:10 2022 [59521][1][FATAL] SugarBean::populateDefaultValues $field_defs should be an array
Thu Nov 10 10:44:46 2022 [58735][1][FATAL] SugarBean::populateDefaultValues $field_defs should be an array
Thu Nov 10 10:44:48 2022 [58735][1][FATAL] SugarBean::populateDefaultValues $field_defs should be an array
Thu Nov 10 10:44:48 2022 [58735][1][FATAL] SugarBean::populateDefaultValues $field_defs should be an array
Thu Nov 10 10:46:00 2022 [58735][1][FATAL] SugarBean::populateDefaultValues $field_defs should be an array
Thu Nov 10 10:46:02 2022 [58735][1][FATAL] SugarBean::populateDefaultValues $field_defs should be an array
Thu Nov 10 10:46:02 2022 [58735][1][FATAL] SugarBean::populateDefaultValues $field_defs should be an array
Thu Nov 10 10:49:34 2022 [58735][1][FATAL] SugarBean::populateDefaultValues $field_defs should be an array
Thu Nov 10 10:49:35 2022 [58735][1][FATAL] SugarBean::populateDefaultValues $field_defs should be an array
Thu Nov 10 10:49:36 2022 [58735][1][FATAL] SugarBean::populateDefaultValues $field_defs should be an array
Thu Nov 10 10:51:34 2022 [59519][1][FATAL] SugarBean::populateDefaultValues $field_defs should be an array
Thu Nov 10 10:51:36 2022 [59519][1][FATAL] SugarBean::populateDefaultValues $field_defs should be an array
Thu Nov 10 10:51:36 2022 [59519][1][FATAL] SugarBean::populateDefaultValues $field_defs should be an array
Thu Nov 10 10:52:51 2022 [59521][1][FATAL] SugarBean::populateDefaultValues $field_defs should be an array
Thu Nov 10 10:52:52 2022 [59521][1][FATAL] SugarBean::populateDefaultValues $field_defs should be an array
Thu Nov 10 10:52:53 2022 [59521][1][FATAL] SugarBean::populateDefaultValues $field_defs should be an array
Thu Nov 10 10:57:20 2022 [59519][1][FATAL] SugarBean::populateDefaultValues $field_defs should be an array
Thu Nov 10 10:57:23 2022 [59519][1][FATAL] SugarBean::populateDefaultValues $field_defs should be an array
Thu Nov 10 10:57:28 2022 [58735][1][FATAL] SugarBean::populateDefaultValues $field_defs should be an array
Thu Nov 10 10:58:37 2022 [59521][1][FATAL] SugarBean::populateDefaultValues $field_defs should be an array
Thu Nov 10 10:58:38 2022 [59521][1][FATAL] SugarBean::populateDefaultValues $field_defs should be an array
Thu Nov 10 10:58:38 2022 [59521][1][FATAL] SugarBean::populateDefaultValues $field_defs should be an array
Thu Nov 10 10:59:31 2022 [59519][1][FATAL] SugarBean::populateDefaultValues $field_defs should be an array
Thu Nov 10 11:02:05 2022 [59521][1][FATAL] SugarBean::populateDefaultValues $field_defs should be an array
Thu Nov 10 11:02:08 2022 [59521][1][FATAL] SugarBean::populateDefaultValues $field_defs should be an array
Thu Nov 10 11:02:12 2022 [59519][1][FATAL] SugarBean::populateDefaultValues $field_defs should be an array
Thu Nov 10 11:02:23 2022 [59521][1][FATAL] Mysqli_query failed.
Thu Nov 10 11:02:23 2022 [59521][1][FATAL]  Query Failed:  SELECT  oo_docserver.id , oo_docserver.created_by , oo_docserver.document_name , oo_docserver.category_id , oo_docserver.subcategory_id  , jt0.user_name created_by_name , jt0.created_by created_by_name_owner  , 'Users' created_by_name_mod, oo_docserver.active_date , oo_docserver.exp_date , oo_docserver.assigned_user_id  FROM oo_docserver   LEFT JOIN  users jt0 ON oo_docserver.created_by=jt0.id AND jt0.deleted=0

 AND jt0.deleted=0 where oo_docserver.deleted=0 ORDER BY oo_docserver.date_entered DESC LIMIT 0,21: MySQL error 1146: Table 'suitecrm.oo_docserver' doesn't exist
Thu Nov 10 11:03:16 2022 [66710][1][FATAL] SugarBean::populateDefaultValues $field_defs should be an array
Thu Nov 10 11:04:19 2022 [59521][1][FATAL] ERROR: There was an error during your upload, please contact an administrator for help.
Thu Nov 10 11:10:35 2022 [66710][1][FATAL] IP Address mismatch: SESSION IP: 5.140.93.206 CLIENT IP: 193.19.204.81
Thu Nov 10 11:31:36 2022 [66710][1][FATAL] SugarBean::populateDefaultValues $field_defs should be an array
Thu Nov 10 11:31:53 2022 [59519][1][FATAL] SugarBean::populateDefaultValues $field_defs should be an array
Thu Nov 10 11:31:54 2022 [59519][1][FATAL] SugarBean::populateDefaultValues $field_defs should be an array
Thu Nov 10 11:31:54 2022 [59519][1][FATAL] SugarBean::populateDefaultValues $field_defs should be an array
Thu Nov 10 11:41:07 2022 [59519][1][FATAL] SugarBean::populateDefaultValues $field_defs should be an array
Thu Nov 10 11:41:09 2022 [59519][1][FATAL] SugarBean::populateDefaultValues $field_defs should be an array
Thu Nov 10 11:41:09 2022 [59519][1][FATAL] SugarBean::populateDefaultValues $field_defs should be an array
Thu Nov 10 11:45:57 2022 [59519][1][FATAL] SugarBean::populateDefaultValues $field_defs should be an array
Thu Nov 10 11:45:59 2022 [59519][1][FATAL] SugarBean::populateDefaultValues $field_defs should be an array
Thu Nov 10 11:45:59 2022 [59519][1][FATAL] SugarBean::populateDefaultValues $field_defs should be an array
Thu Nov 10 12:02:15 2022 [59521][1][FATAL] SugarBean::populateDefaultValues $field_defs should be an array
Thu Nov 10 12:02:17 2022 [59521][1][FATAL] SugarBean::populateDefaultValues $field_defs should be an array
Thu Nov 10 12:02:17 2022 [59521][1][FATAL] SugarBean::populateDefaultValues $field_defs should be an array
Thu Nov 10 12:02:35 2022 [59519][1][FATAL] Exception handling in /var/www/suitecrm/include/MVC/Controller/SugarController.php:400
Thu Nov 10 12:02:35 2022 [59519][1][FATAL] Exception in Controller: There is no action by that name: goodbye
Thu Nov 10 12:02:35 2022 [59519][1][FATAL] backtrace:
#0 /var/www/suitecrm/include/MVC/Controller/SugarController.php(555): sugar_die()
#1 /var/www/suitecrm/include/MVC/Controller/SugarController.php(1094): SugarController->no_action()
#2 /var/www/suitecrm/include/MVC/Controller/SugarController.php(468): SugarController->handleActionMaps()
#3 /var/www/suitecrm/include/MVC/Controller/SugarController.php(373): SugarController->process()
#4 /var/www/suitecrm/include/MVC/SugarApplication.php(113): SugarController->execute()
#5 /var/www/suitecrm/index.php(52): SugarApplication->execute()
#6 {main}
Thu Nov 10 12:04:58 2022 [59521][1][FATAL] SugarBean::populateDefaultValues $field_defs should be an array
Thu Nov 10 12:05:00 2022 [59521][1][FATAL] SugarBean::populateDefaultValues $field_defs should be an array
Thu Nov 10 12:05:00 2022 [59521][1][FATAL] SugarBean::populateDefaultValues $field_defs should be an array
Thu Nov 10 12:07:31 2022 [59521][1][FATAL] SugarBean::populateDefaultValues $field_defs should be an array
Thu Nov 10 12:07:33 2022 [59521][1][FATAL] SugarBean::populateDefaultValues $field_defs should be an array
Thu Nov 10 12:07:34 2022 [59521][1][FATAL] SugarBean::populateDefaultValues $field_defs should be an array
Thu Nov 10 12:08:31 2022 [59519][1][FATAL] SugarBean::populateDefaultValues $field_defs should be an array
Thu Nov 10 12:08:32 2022 [59519][1][FATAL] SugarBean::populateDefaultValues $field_defs should be an array
Thu Nov 10 12:08:32 2022 [59519][1][FATAL] SugarBean::populateDefaultValues $field_defs should be an array
Thu Nov 10 12:11:15 2022 [66710][1][FATAL] SugarBean::populateDefaultValues $field_defs should be an array
Thu Nov 10 12:11:17 2022 [66710][1][FATAL] SugarBean::populateDefaultValues $field_defs should be an array
Thu Nov 10 12:11:17 2022 [66710][1][FATAL] SugarBean::populateDefaultValues $field_defs should be an array
Thu Nov 10 12:14:14 2022 [59519][1][FATAL] SugarBean::populateDefaultValues $field_defs should be an array
Thu Nov 10 12:14:16 2022 [59519][1][FATAL] SugarBean::populateDefaultValues $field_defs should be an array
Thu Nov 10 12:14:16 2022 [59519][1][FATAL] SugarBean::populateDefaultValues $field_defs should be an array
Thu Nov 10 12:22:14 2022 [59519][1][FATAL] SugarBean::populateDefaultValues $field_defs should be an array
Thu Nov 10 12:22:17 2022 [59519][1][FATAL] SugarBean::populateDefaultValues $field_defs should be an array
Thu Nov 10 12:22:17 2022 [59519][1][FATAL] SugarBean::populateDefaultValues $field_defs should be an array
Thu Nov 10 12:56:49 2022 [59521][1][FATAL] SugarBean::populateDefaultValues $field_defs should be an array
Thu Nov 10 12:56:52 2022 [59521][1][FATAL] SugarBean::populateDefaultValues $field_defs should be an array
Thu Nov 10 12:56:52 2022 [59521][1][FATAL] SugarBean::populateDefaultValues $field_defs should be an array
Thu Nov 10 12:58:27 2022 [59519][1][FATAL] SugarBean::populateDefaultValues $field_defs should be an array
Thu Nov 10 12:58:29 2022 [59519][1][FATAL] SugarBean::populateDefaultValues $field_defs should be an array
Thu Nov 10 12:58:29 2022 [59519][1][FATAL] SugarBean::populateDefaultValues $field_defs should be an array
Thu Nov 10 12:59:59 2022 [66710][1][FATAL] SugarBean::populateDefaultValues $field_defs should be an array
Thu Nov 10 13:00:03 2022 [66710][1][FATAL] SugarBean::populateDefaultValues $field_defs should be an array
Thu Nov 10 13:00:04 2022 [66710][1][FATAL] SugarBean::populateDefaultValues $field_defs should be an array
Thu Nov 10 13:11:04 2022 [66710][1][FATAL] SugarBean::populateDefaultValues $field_defs should be an array
Thu Nov 10 13:11:06 2022 [66710][1][FATAL] SugarBean::populateDefaultValues $field_defs should be an array
Thu Nov 10 13:11:07 2022 [66710][1][FATAL] SugarBean::populateDefaultValues $field_defs should be an array
Thu Nov 10 13:11:09 2022 [59519][1][FATAL] SugarBean::populateDefaultValues $field_defs should be an array
Thu Nov 10 13:11:11 2022 [59519][1][FATAL] SugarBean::populateDefaultValues $field_defs should be an array
Thu Nov 10 13:11:11 2022 [59519][1][FATAL] SugarBean::populateDefaultValues $field_defs should be an array
Thu Nov 10 13:15:22 2022 [59519][1][FATAL] SugarBean::populateDefaultValues $field_defs should be an array
Thu Nov 10 13:15:24 2022 [59519][1][FATAL] SugarBean::populateDefaultValues $field_defs should be an array
Thu Nov 10 13:15:24 2022 [59519][1][FATAL] SugarBean::populateDefaultValues $field_defs should be an array
Thu Nov 10 13:16:46 2022 [59521][1][FATAL] SugarBean::populateDefaultValues $field_defs should be an array
Thu Nov 10 13:16:48 2022 [59521][1][FATAL] SugarBean::populateDefaultValues $field_defs should be an array
Thu Nov 10 13:16:48 2022 [59521][1][FATAL] SugarBean::populateDefaultValues $field_defs should be an array
Thu Nov 10 13:17:48 2022 [59519][1][FATAL] SugarBean::populateDefaultValues $field_defs should be an array
Thu Nov 10 13:17:49 2022 [59519][1][FATAL] SugarBean::populateDefaultValues $field_defs should be an array
Thu Nov 10 13:17:49 2022 [59519][1][FATAL] SugarBean::populateDefaultValues $field_defs should be an array
Thu Nov 10 13:18:38 2022 [59521][1][FATAL] SugarBean::populateDefaultValues $field_defs should be an array
Thu Nov 10 13:18:40 2022 [59521][1][FATAL] SugarBean::populateDefaultValues $field_defs should be an array
Thu Nov 10 13:18:40 2022 [59521][1][FATAL] SugarBean::populateDefaultValues $field_defs should be an array
Thu Nov 10 13:20:30 2022 [59519][1][FATAL] SugarBean::populateDefaultValues $field_defs should be an array
Thu Nov 10 13:20:32 2022 [59519][1][FATAL] SugarBean::populateDefaultValues $field_defs should be an array
Thu Nov 10 13:20:32 2022 [59519][1][FATAL] SugarBean::populateDefaultValues $field_defs should be an array
Thu Nov 10 13:29:15 2022 [59519][1][FATAL] SugarBean::populateDefaultValues $field_defs should be an array
Thu Nov 10 13:29:17 2022 [59519][1][FATAL] SugarBean::populateDefaultValues $field_defs should be an array
Thu Nov 10 13:29:17 2022 [59519][1][FATAL] SugarBean::populateDefaultValues $field_defs should be an array
Thu Nov 10 13:30:59 2022 [66710][1][FATAL] SugarBean::populateDefaultValues $field_defs should be an array
Thu Nov 10 13:31:02 2022 [66710][1][FATAL] SugarBean::populateDefaultValues $field_defs should be an array
Thu Nov 10 13:31:02 2022 [66710][1][FATAL] SugarBean::populateDefaultValues $field_defs should be an array
Thu Nov 10 13:33:12 2022 [59521][1][FATAL] SugarBean::populateDefaultValues $field_defs should be an array
Thu Nov 10 13:33:14 2022 [59521][1][FATAL] SugarBean::populateDefaultValues $field_defs should be an array
Thu Nov 10 13:33:14 2022 [59521][1][FATAL] SugarBean::populateDefaultValues $field_defs should be an array
Thu Nov 10 13:35:03 2022 [66710][1][FATAL] SugarBean::populateDefaultValues $field_defs should be an array
Thu Nov 10 13:35:05 2022 [66710][1][FATAL] SugarBean::populateDefaultValues $field_defs should be an array
Thu Nov 10 13:35:05 2022 [66710][1][FATAL] SugarBean::populateDefaultValues $field_defs should be an array
Thu Nov 10 13:37:16 2022 [59521][1][FATAL] SugarBean::populateDefaultValues $field_defs should be an array
Thu Nov 10 13:37:17 2022 [59521][1][FATAL] SugarBean::populateDefaultValues $field_defs should be an array
Thu Nov 10 13:37:17 2022 [59521][1][FATAL] SugarBean::populateDefaultValues $field_defs should be an array
Thu Nov 10 13:39:33 2022 [59521][1][FATAL] SugarBean::populateDefaultValues $field_defs should be an array
Thu Nov 10 13:39:35 2022 [59521][1][FATAL] SugarBean::populateDefaultValues $field_defs should be an array
Thu Nov 10 13:39:35 2022 [59521][1][FATAL] SugarBean::populateDefaultValues $field_defs should be an array
Thu Nov 10 13:41:18 2022 [59519][1][FATAL] SugarBean::populateDefaultValues $field_defs should be an array
Thu Nov 10 13:41:20 2022 [59519][1][FATAL] SugarBean::populateDefaultValues $field_defs should be an array
Thu Nov 10 13:41:20 2022 [59519][1][FATAL] SugarBean::populateDefaultValues $field_defs should be an array
Thu Nov 10 13:42:21 2022 [59521][1][FATAL] SugarBean::populateDefaultValues $field_defs should be an array
Thu Nov 10 13:42:23 2022 [59521][1][FATAL] SugarBean::populateDefaultValues $field_defs should be an array
Thu Nov 10 13:42:24 2022 [59521][1][FATAL] SugarBean::populateDefaultValues $field_defs should be an array
Thu Nov 10 13:43:55 2022 [66710][1][FATAL] SugarBean::populateDefaultValues $field_defs should be an array
Thu Nov 10 13:43:57 2022 [66710][1][FATAL] SugarBean::populateDefaultValues $field_defs should be an array
Thu Nov 10 13:43:57 2022 [66710][1][FATAL] SugarBean::populateDefaultValues $field_defs should be an array
Thu Nov 10 13:53:18 2022 [59521][1][FATAL] SugarBean::populateDefaultValues $field_defs should be an array
Thu Nov 10 13:53:20 2022 [59521][1][FATAL] SugarBean::populateDefaultValues $field_defs should be an array
Thu Nov 10 13:53:20 2022 [59521][1][FATAL] SugarBean::populateDefaultValues $field_defs should be an array
Thu Nov 10 13:54:53 2022 [66710][1][FATAL] SugarBean::populateDefaultValues $field_defs should be an array
Thu Nov 10 13:54:56 2022 [66710][1][FATAL] SugarBean::populateDefaultValues $field_defs should be an array
Thu Nov 10 13:55:03 2022 [59519][1][FATAL] SugarBean::populateDefaultValues $field_defs should be an array
Thu Nov 10 13:55:06 2022 [59519][1][FATAL] SugarBean::populateDefaultValues $field_defs should be an array
Thu Nov 10 13:55:06 2022 [59519][1][FATAL] SugarBean::populateDefaultValues $field_defs should be an array
Thu Nov 10 14:13:24 2022 [66710][1][FATAL] SugarBean::populateDefaultValues $field_defs should be an array
Thu Nov 10 14:13:26 2022 [66710][1][FATAL] SugarBean::populateDefaultValues $field_defs should be an array
Thu Nov 10 14:13:26 2022 [66710][1][FATAL] SugarBean::populateDefaultValues $field_defs should be an array
Thu Nov 10 14:35:41 2022 [59521][1][FATAL] IP Address mismatch: SESSION IP: 193.19.204.81 CLIENT IP: 134.19.188.91
Thu Nov 10 14:46:30 2022 [59521][1][FATAL] SugarBean::populateDefaultValues $field_defs should be an array
Thu Nov 10 14:46:36 2022 [66710][1][FATAL] SugarBean::populateDefaultValues $field_defs should be an array
Thu Nov 10 14:46:38 2022 [66710][1][FATAL] SugarBean::populateDefaultValues $field_defs should be an array
Thu Nov 10 14:46:38 2022 [66710][1][FATAL] SugarBean::populateDefaultValues $field_defs should be an array
Thu Nov 10 14:55:53 2022 [66710][1][FATAL] SugarBean::populateDefaultValues $field_defs should be an array
Thu Nov 10 14:55:54 2022 [66710][1][FATAL] SugarBean::populateDefaultValues $field_defs should be an array
Thu Nov 10 14:55:54 2022 [66710][1][FATAL] SugarBean::populateDefaultValues $field_defs should be an array
Thu Nov 10 18:50:46 2022 [59521][1][FATAL] IP Address mismatch: SESSION IP: 193.19.204.81 CLIENT IP: 92.62.120.19
Fri Nov 11 09:09:34 2022 [66710][1][FATAL] SugarBean::populateDefaultValues $field_defs should be an array
Fri Nov 11 09:09:44 2022 [59519][1][FATAL] SugarBean::populateDefaultValues $field_defs should be an array
Fri Nov 11 09:09:46 2022 [59519][1][FATAL] SugarBean::populateDefaultValues $field_defs should be an array
Fri Nov 11 09:09:46 2022 [59519][1][FATAL] SugarBean::populateDefaultValues $field_defs should be an array
Fri Nov 11 09:12:06 2022 [66710][1][FATAL] SugarBean::populateDefaultValues $field_defs should be an array
Fri Nov 11 09:12:09 2022 [66710][1][FATAL] SugarBean::populateDefaultValues $field_defs should be an array
Fri Nov 11 09:12:09 2022 [66710][1][FATAL] SugarBean::populateDefaultValues $field_defs should be an array
Fri Nov 11 09:12:51 2022 [59519][1][FATAL] SugarBean::populateDefaultValues $field_defs should be an array
Fri Nov 11 09:12:53 2022 [59519][1][FATAL] SugarBean::populateDefaultValues $field_defs should be an array
Fri Nov 11 09:12:53 2022 [59519][1][FATAL] SugarBean::populateDefaultValues $field_defs should be an array
Fri Nov 11 10:29:33 2022 [66710][1][FATAL] SugarBean::populateDefaultValues $field_defs should be an array
Fri Nov 11 10:29:35 2022 [66710][1][FATAL] SugarBean::populateDefaultValues $field_defs should be an array
Fri Nov 11 10:29:35 2022 [66710][1][FATAL] SugarBean::populateDefaultValues $field_defs should be an array
Fri Nov 11 10:33:23 2022 [66710][1][FATAL] SugarBean::populateDefaultValues $field_defs should be an array
Fri Nov 11 10:33:25 2022 [66710][1][FATAL] SugarBean::populateDefaultValues $field_defs should be an array
Fri Nov 11 10:33:25 2022 [66710][1][FATAL] SugarBean::populateDefaultValues $field_defs should be an array
Fri Nov 11 10:34:20 2022 [59519][1][FATAL] SugarBean::populateDefaultValues $field_defs should be an array
Fri Nov 11 10:34:22 2022 [59519][1][FATAL] SugarBean::populateDefaultValues $field_defs should be an array
Fri Nov 11 10:34:22 2022 [59519][1][FATAL] SugarBean::populateDefaultValues $field_defs should be an array
Fri Nov 11 10:45:48 2022 [59519][1][FATAL] SugarBean::populateDefaultValues $field_defs should be an array
Fri Nov 11 10:45:50 2022 [59519][1][FATAL] SugarBean::populateDefaultValues $field_defs should be an array
Fri Nov 11 10:45:50 2022 [59519][1][FATAL] SugarBean::populateDefaultValues $field_defs should be an array
Fri Nov 11 11:33:28 2022 [59521][1][FATAL] IP Address mismatch: SESSION IP: 5.140.93.206 CLIENT IP: 193.19.204.77
Fri Nov 11 11:40:54 2022 [66710][1][FATAL] SugarBean::populateDefaultValues $field_defs should be an array
Fri Nov 11 11:41:05 2022 [66710][1][FATAL] SugarBean::populateDefaultValues $field_defs should be an array
Fri Nov 11 11:41:07 2022 [66710][1][FATAL] SugarBean::populateDefaultValues $field_defs should be an array
Fri Nov 11 11:41:07 2022 [66710][1][FATAL] SugarBean::populateDefaultValues $field_defs should be an array
Fri Nov 11 11:47:43 2022 [66710][1][FATAL] SugarBean::populateDefaultValues $field_defs should be an array
Fri Nov 11 11:47:46 2022 [66710][1][FATAL] SugarBean::populateDefaultValues $field_defs should be an array
Fri Nov 11 11:47:46 2022 [66710][1][FATAL] SugarBean::populateDefaultValues $field_defs should be an array
Fri Nov 11 11:52:07 2022 [66710][1][FATAL] SugarBean::populateDefaultValues $field_defs should be an array
Fri Nov 11 11:52:09 2022 [66710][1][FATAL] SugarBean::populateDefaultValues $field_defs should be an array
Fri Nov 11 11:52:10 2022 [66710][1][FATAL] SugarBean::populateDefaultValues $field_defs should be an array
Fri Nov 11 12:11:50 2022 [59521][1][FATAL] SugarBean::populateDefaultValues $field_defs should be an array
Fri Nov 11 12:11:53 2022 [59521][1][FATAL] SugarBean::populateDefaultValues $field_defs should be an array
Fri Nov 11 12:11:53 2022 [59521][1][FATAL] SugarBean::populateDefaultValues $field_defs should be an array
Fri Nov 11 12:59:19 2022 [59519][1][FATAL] SugarBean::populateDefaultValues $field_defs should be an array
Fri Nov 11 12:59:23 2022 [59519][1][FATAL] SugarBean::populateDefaultValues $field_defs should be an array
Fri Nov 11 12:59:23 2022 [59519][1][FATAL] SugarBean::populateDefaultValues $field_defs should be an array
Fri Nov 11 13:03:33 2022 [59521][1][FATAL] SugarBean::populateDefaultValues $field_defs should be an array
Fri Nov 11 13:03:38 2022 [59521][1][FATAL] SugarBean::populateDefaultValues $field_defs should be an array
Fri Nov 11 13:03:39 2022 [59521][1][FATAL] SugarBean::populateDefaultValues $field_defs should be an array
Fri Nov 11 13:03:57 2022 [66710][1][FATAL] SugarBean::populateDefaultValues $field_defs should be an array
Fri Nov 11 13:03:59 2022 [66710][1][FATAL] SugarBean::populateDefaultValues $field_defs should be an array
Fri Nov 11 13:10:56 2022 [66710][1][FATAL] SugarBean::populateDefaultValues $field_defs should be an array
Fri Nov 11 13:10:59 2022 [66710][1][FATAL] SugarBean::populateDefaultValues $field_defs should be an array
Fri Nov 11 13:10:59 2022 [66710][1][FATAL] SugarBean::populateDefaultValues $field_defs should be an array
Fri Nov 11 13:14:50 2022 [66710][1][FATAL] SugarBean::populateDefaultValues $field_defs should be an array
Fri Nov 11 13:14:52 2022 [66710][1][FATAL] SugarBean::populateDefaultValues $field_defs should be an array
Fri Nov 11 13:14:52 2022 [66710][1][FATAL] SugarBean::populateDefaultValues $field_defs should be an array
Fri Nov 11 13:18:05 2022 [73960][1][FATAL] SugarBean::populateDefaultValues $field_defs should be an array
Fri Nov 11 13:18:08 2022 [73960][1][FATAL] SugarBean::populateDefaultValues $field_defs should be an array
Fri Nov 11 13:18:08 2022 [73960][1][FATAL] SugarBean::populateDefaultValues $field_defs should be an array
Fri Nov 11 13:20:05 2022 [66710][1][FATAL] SugarBean::populateDefaultValues $field_defs should be an array
Fri Nov 11 13:20:09 2022 [66710][1][FATAL] SugarBean::populateDefaultValues $field_defs should be an array
Fri Nov 11 13:20:09 2022 [66710][1][FATAL] SugarBean::populateDefaultValues $field_defs should be an array
Fri Nov 11 13:21:46 2022 [66710][1][FATAL] SugarBean::populateDefaultValues $field_defs should be an array
Fri Nov 11 13:21:49 2022 [66710][1][FATAL] SugarBean::populateDefaultValues $field_defs should be an array
Fri Nov 11 13:21:49 2022 [66710][1][FATAL] SugarBean::populateDefaultValues $field_defs should be an array
Fri Nov 11 13:24:06 2022 [66710][1][FATAL] SugarBean::populateDefaultValues $field_defs should be an array
Fri Nov 11 13:24:08 2022 [66710][1][FATAL] SugarBean::populateDefaultValues $field_defs should be an array
Fri Nov 11 13:24:08 2022 [66710][1][FATAL] SugarBean::populateDefaultValues $field_defs should be an array
Mon Nov 14 07:40:29 2022 [761][1][FATAL] SugarBean::populateDefaultValues $field_defs should be an array
Mon Nov 14 07:40:41 2022 [762][1][FATAL] SugarBean::populateDefaultValues $field_defs should be an array
Mon Nov 14 07:40:43 2022 [762][1][FATAL] SugarBean::populateDefaultValues $field_defs should be an array
Mon Nov 14 07:40:43 2022 [762][1][FATAL] SugarBean::populateDefaultValues $field_defs should be an array
Mon Nov 14 07:44:01 2022 [762][1][FATAL] SugarBean::populateDefaultValues $field_defs should be an array
Mon Nov 14 07:44:04 2022 [762][1][FATAL] SugarBean::populateDefaultValues $field_defs should be an array
Mon Nov 14 07:44:04 2022 [762][1][FATAL] SugarBean::populateDefaultValues $field_defs should be an array
Mon Nov 14 08:10:22 2022 [762][1][FATAL] SugarBean::populateDefaultValues $field_defs should be an array
Mon Nov 14 08:10:23 2022 [762][1][FATAL] SugarBean::populateDefaultValues $field_defs should be an array
Mon Nov 14 08:10:23 2022 [762][1][FATAL] SugarBean::populateDefaultValues $field_defs should be an array
Mon Nov 14 08:17:34 2022 [1110][1][FATAL] SugarBean::populateDefaultValues $field_defs should be an array
Mon Nov 14 08:17:36 2022 [1110][1][FATAL] SugarBean::populateDefaultValues $field_defs should be an array
Mon Nov 14 08:17:36 2022 [1110][1][FATAL] SugarBean::populateDefaultValues $field_defs should be an array
Mon Nov 14 08:20:38 2022 [1110][1][FATAL] SugarBean::populateDefaultValues $field_defs should be an array
Mon Nov 14 08:20:39 2022 [1110][1][FATAL] SugarBean::populateDefaultValues $field_defs should be an array
Mon Nov 14 08:20:39 2022 [1110][1][FATAL] SugarBean::populateDefaultValues $field_defs should be an array
Mon Nov 14 08:21:02 2022 [1110][1][FATAL] SugarBean::populateDefaultValues $field_defs should be an array
Mon Nov 14 08:21:05 2022 [1110][1][FATAL] SugarBean::populateDefaultValues $field_defs should be an array
Mon Nov 14 08:21:05 2022 [1110][1][FATAL] SugarBean::populateDefaultValues $field_defs should be an array
Mon Nov 14 08:43:00 2022 [1227][1][FATAL] SugarBean::populateDefaultValues $field_defs should be an array
Mon Nov 14 08:43:04 2022 [1227][1][FATAL] SugarBean::populateDefaultValues $field_defs should be an array
Mon Nov 14 08:43:04 2022 [1227][1][FATAL] SugarBean::populateDefaultValues $field_defs should be an array
Mon Nov 14 09:20:35 2022 [1229][1][FATAL] SugarBean::populateDefaultValues $field_defs should be an array
Mon Nov 14 09:20:37 2022 [1229][1][FATAL] SugarBean::populateDefaultValues $field_defs should be an array
Mon Nov 14 09:20:37 2022 [1229][1][FATAL] SugarBean::populateDefaultValues $field_defs should be an array
Mon Nov 14 09:21:35 2022 [1227][1][FATAL] SugarBean::populateDefaultValues $field_defs should be an array
Mon Nov 14 09:21:38 2022 [1227][1][FATAL] SugarBean::populateDefaultValues $field_defs should be an array
Mon Nov 14 09:21:39 2022 [1227][1][FATAL] SugarBean::populateDefaultValues $field_defs should be an array
Mon Nov 14 09:35:11 2022 [1227][1][FATAL] SugarBean::populateDefaultValues $field_defs should be an array
Mon Nov 14 09:35:13 2022 [1227][1][FATAL] SugarBean::populateDefaultValues $field_defs should be an array
Mon Nov 14 09:35:13 2022 [1227][1][FATAL] SugarBean::populateDefaultValues $field_defs should be an array
Mon Nov 14 09:37:33 2022 [1110][1][FATAL] SugarBean::populateDefaultValues $field_defs should be an array
Mon Nov 14 09:37:34 2022 [1110][1][FATAL] SugarBean::populateDefaultValues $field_defs should be an array
Mon Nov 14 09:37:34 2022 [1110][1][FATAL] SugarBean::populateDefaultValues $field_defs should be an array
Mon Nov 14 09:50:20 2022 [1229][1][FATAL] SugarBean::populateDefaultValues $field_defs should be an array
Mon Nov 14 09:50:22 2022 [1229][1][FATAL] SugarBean::populateDefaultValues $field_defs should be an array
Mon Nov 14 09:50:22 2022 [1229][1][FATAL] SugarBean::populateDefaultValues $field_defs should be an array
Mon Nov 14 09:51:17 2022 [1110][1][FATAL] SugarBean::populateDefaultValues $field_defs should be an array
Mon Nov 14 09:51:19 2022 [1110][1][FATAL] SugarBean::populateDefaultValues $field_defs should be an array
Mon Nov 14 09:51:19 2022 [1110][1][FATAL] SugarBean::populateDefaultValues $field_defs should be an array
Mon Nov 14 09:51:55 2022 [1227][1][FATAL] SugarBean::populateDefaultValues $field_defs should be an array
Mon Nov 14 09:51:58 2022 [1227][1][FATAL] SugarBean::populateDefaultValues $field_defs should be an array
Mon Nov 14 09:51:59 2022 [1227][1][FATAL] SugarBean::populateDefaultValues $field_defs should be an array
Mon Nov 14 09:59:21 2022 [1229][1][FATAL] SugarBean::populateDefaultValues $field_defs should be an array
Mon Nov 14 09:59:22 2022 [1229][1][FATAL] SugarBean::populateDefaultValues $field_defs should be an array
Mon Nov 14 09:59:22 2022 [1229][1][FATAL] SugarBean::populateDefaultValues $field_defs should be an array
Mon Nov 14 10:00:34 2022 [1110][1][FATAL] SugarBean::populateDefaultValues $field_defs should be an array
Mon Nov 14 10:00:36 2022 [1110][1][FATAL] SugarBean::populateDefaultValues $field_defs should be an array
Mon Nov 14 10:00:36 2022 [1110][1][FATAL] SugarBean::populateDefaultValues $field_defs should be an array
Mon Nov 14 10:05:23 2022 [1110][1][FATAL] SugarBean::populateDefaultValues $field_defs should be an array
Mon Nov 14 10:05:25 2022 [1110][1][FATAL] SugarBean::populateDefaultValues $field_defs should be an array
Mon Nov 14 10:05:25 2022 [1110][1][FATAL] SugarBean::populateDefaultValues $field_defs should be an array
Mon Nov 14 10:07:05 2022 [1110][1][FATAL] SugarBean::populateDefaultValues $field_defs should be an array
Mon Nov 14 10:07:07 2022 [1110][1][FATAL] SugarBean::populateDefaultValues $field_defs should be an array
Mon Nov 14 10:07:08 2022 [1110][1][FATAL] SugarBean::populateDefaultValues $field_defs should be an array
Mon Nov 14 10:09:39 2022 [1227][1][FATAL] SugarBean::populateDefaultValues $field_defs should be an array
Mon Nov 14 10:09:41 2022 [1227][1][FATAL] SugarBean::populateDefaultValues $field_defs should be an array
Mon Nov 14 10:09:41 2022 [1227][1][FATAL] SugarBean::populateDefaultValues $field_defs should be an array
Mon Nov 14 10:10:12 2022 [1229][1][FATAL] SugarBean::populateDefaultValues $field_defs should be an array
Mon Nov 14 10:10:13 2022 [1229][1][FATAL] SugarBean::populateDefaultValues $field_defs should be an array
Mon Nov 14 10:10:14 2022 [1229][1][FATAL] SugarBean::populateDefaultValues $field_defs should be an array
Mon Nov 14 10:10:38 2022 [1227][1][FATAL] SugarBean::populateDefaultValues $field_defs should be an array
Mon Nov 14 10:10:40 2022 [1227][1][FATAL] SugarBean::populateDefaultValues $field_defs should be an array
Mon Nov 14 10:10:40 2022 [1227][1][FATAL] SugarBean::populateDefaultValues $field_defs should be an array
Mon Nov 14 10:11:21 2022 [1227][1][FATAL] SugarBean::populateDefaultValues $field_defs should be an array
Mon Nov 14 10:11:22 2022 [1227][1][FATAL] SugarBean::populateDefaultValues $field_defs should be an array
Mon Nov 14 10:11:22 2022 [1227][1][FATAL] SugarBean::populateDefaultValues $field_defs should be an array
Mon Nov 14 10:12:53 2022 [1227][1][FATAL] SugarBean::populateDefaultValues $field_defs should be an array
Mon Nov 14 10:12:55 2022 [1227][1][FATAL] SugarBean::populateDefaultValues $field_defs should be an array
Mon Nov 14 10:12:55 2022 [1227][1][FATAL] SugarBean::populateDefaultValues $field_defs should be an array
Mon Nov 14 10:14:42 2022 [1229][1][FATAL] SugarBean::populateDefaultValues $field_defs should be an array
Mon Nov 14 10:14:43 2022 [1229][1][FATAL] SugarBean::populateDefaultValues $field_defs should be an array
Mon Nov 14 10:14:43 2022 [1229][1][FATAL] SugarBean::populateDefaultValues $field_defs should be an array
Mon Nov 14 10:15:37 2022 [1229][1][FATAL] SugarBean::populateDefaultValues $field_defs should be an array
Mon Nov 14 10:15:39 2022 [1229][1][FATAL] SugarBean::populateDefaultValues $field_defs should be an array
Mon Nov 14 10:15:39 2022 [1229][1][FATAL] SugarBean::populateDefaultValues $field_defs should be an array
Mon Nov 14 10:16:10 2022 [1110][1][FATAL] SugarBean::populateDefaultValues $field_defs should be an array
Mon Nov 14 10:16:12 2022 [1110][1][FATAL] SugarBean::populateDefaultValues $field_defs should be an array
Mon Nov 14 10:16:14 2022 [1229][1][FATAL] SugarBean::populateDefaultValues $field_defs should be an array
Mon Nov 14 10:16:17 2022 [1229][1][FATAL] SugarBean::populateDefaultValues $field_defs should be an array
Mon Nov 14 10:16:17 2022 [1229][1][FATAL] SugarBean::populateDefaultValues $field_defs should be an array
Mon Nov 14 10:17:51 2022 [1227][1][FATAL] SugarBean::populateDefaultValues $field_defs should be an array
Mon Nov 14 10:17:53 2022 [1227][1][FATAL] SugarBean::populateDefaultValues $field_defs should be an array
Mon Nov 14 10:17:53 2022 [1227][1][FATAL] SugarBean::populateDefaultValues $field_defs should be an array
Mon Nov 14 10:20:10 2022 [1227][1][FATAL] SugarBean::populateDefaultValues $field_defs should be an array
Mon Nov 14 10:20:12 2022 [1227][1][FATAL] SugarBean::populateDefaultValues $field_defs should be an array
Mon Nov 14 10:20:12 2022 [1227][1][FATAL] SugarBean::populateDefaultValues $field_defs should be an array
Mon Nov 14 10:20:52 2022 [2208][1][FATAL] SugarBean::populateDefaultValues $field_defs should be an array
Mon Nov 14 10:20:53 2022 [2208][1][FATAL] SugarBean::populateDefaultValues $field_defs should be an array
Mon Nov 14 10:20:54 2022 [2208][1][FATAL] SugarBean::populateDefaultValues $field_defs should be an array
Mon Nov 14 10:24:49 2022 [1229][1][FATAL] SugarBean::populateDefaultValues $field_defs should be an array
Mon Nov 14 10:24:51 2022 [1229][1][FATAL] SugarBean::populateDefaultValues $field_defs should be an array
Mon Nov 14 10:24:51 2022 [1229][1][FATAL] SugarBean::populateDefaultValues $field_defs should be an array
Mon Nov 14 10:25:43 2022 [2208][1][FATAL] SugarBean::populateDefaultValues $field_defs should be an array
Mon Nov 14 10:25:45 2022 [2208][1][FATAL] SugarBean::populateDefaultValues $field_defs should be an array
Mon Nov 14 10:25:45 2022 [2208][1][FATAL] SugarBean::populateDefaultValues $field_defs should be an array
Mon Nov 14 10:28:19 2022 [2208][1][FATAL] SugarBean::populateDefaultValues $field_defs should be an array
Mon Nov 14 10:28:21 2022 [2208][1][FATAL] SugarBean::populateDefaultValues $field_defs should be an array
Mon Nov 14 10:28:21 2022 [2208][1][FATAL] SugarBean::populateDefaultValues $field_defs should be an array
Mon Nov 14 10:32:12 2022 [1227][1][FATAL] SugarBean::populateDefaultValues $field_defs should be an array
Mon Nov 14 10:32:14 2022 [1227][1][FATAL] SugarBean::populateDefaultValues $field_defs should be an array
Mon Nov 14 10:32:14 2022 [1227][1][FATAL] SugarBean::populateDefaultValues $field_defs should be an array
Mon Nov 14 10:43:26 2022 [1227][1][FATAL] SugarBean::populateDefaultValues $field_defs should be an array
Mon Nov 14 10:43:28 2022 [1227][1][FATAL] SugarBean::populateDefaultValues $field_defs should be an array
Mon Nov 14 10:43:28 2022 [1227][1][FATAL] SugarBean::populateDefaultValues $field_defs should be an array
Mon Nov 14 10:46:17 2022 [2208][1][FATAL] SugarBean::populateDefaultValues $field_defs should be an array
Mon Nov 14 10:46:18 2022 [2208][1][FATAL] SugarBean::populateDefaultValues $field_defs should be an array
Mon Nov 14 10:46:18 2022 [2208][1][FATAL] SugarBean::populateDefaultValues $field_defs should be an array
Mon Nov 14 10:52:41 2022 [2208][1][FATAL] SugarBean::populateDefaultValues $field_defs should be an array
Mon Nov 14 10:52:43 2022 [2208][1][FATAL] SugarBean::populateDefaultValues $field_defs should be an array
Mon Nov 14 10:52:43 2022 [2208][1][FATAL] SugarBean::populateDefaultValues $field_defs should be an array
Mon Nov 14 10:52:52 2022 [1229][1][FATAL] SugarBean::populateDefaultValues $field_defs should be an array
Mon Nov 14 10:52:53 2022 [1229][1][FATAL] SugarBean::populateDefaultValues $field_defs should be an array
Mon Nov 14 10:52:53 2022 [1229][1][FATAL] SugarBean::populateDefaultValues $field_defs should be an array
Mon Nov 14 10:55:45 2022 [1229][1][FATAL] SugarBean::populateDefaultValues $field_defs should be an array
Mon Nov 14 10:55:49 2022 [1229][1][FATAL] SugarBean::populateDefaultValues $field_defs should be an array
Mon Nov 14 10:55:49 2022 [1229][1][FATAL] SugarBean::populateDefaultValues $field_defs should be an array
Mon Nov 14 11:04:21 2022 [1229][1][FATAL] SugarBean::populateDefaultValues $field_defs should be an array
Mon Nov 14 11:04:23 2022 [1229][1][FATAL] SugarBean::populateDefaultValues $field_defs should be an array
Mon Nov 14 11:04:24 2022 [1229][1][FATAL] SugarBean::populateDefaultValues $field_defs should be an array
Mon Nov 14 11:13:00 2022 [2208][1][FATAL] SugarBean::populateDefaultValues $field_defs should be an array
Mon Nov 14 11:13:03 2022 [2208][1][FATAL] SugarBean::populateDefaultValues $field_defs should be an array
Mon Nov 14 11:13:04 2022 [2208][1][FATAL] SugarBean::populateDefaultValues $field_defs should be an array
Mon Nov 14 11:14:22 2022 [1227][1][FATAL] SugarBean::populateDefaultValues $field_defs should be an array
Mon Nov 14 11:14:24 2022 [1227][1][FATAL] SugarBean::populateDefaultValues $field_defs should be an array
Mon Nov 14 11:14:24 2022 [1227][1][FATAL] SugarBean::populateDefaultValues $field_defs should be an array
Mon Nov 14 11:21:50 2022 [1229][1][FATAL] SugarBean::populateDefaultValues $field_defs should be an array
Mon Nov 14 11:21:52 2022 [1229][1][FATAL] SugarBean::populateDefaultValues $field_defs should be an array
Mon Nov 14 11:21:52 2022 [1229][1][FATAL] SugarBean::populateDefaultValues $field_defs should be an array
Mon Nov 14 11:27:53 2022 [1229][1][FATAL] SugarBean::populateDefaultValues $field_defs should be an array
Mon Nov 14 11:27:54 2022 [1229][1][FATAL] SugarBean::populateDefaultValues $field_defs should be an array
Mon Nov 14 11:27:54 2022 [1229][1][FATAL] SugarBean::populateDefaultValues $field_defs should be an array
Mon Nov 14 11:28:55 2022 [2208][1][FATAL] SugarBean::populateDefaultValues $field_defs should be an array
Mon Nov 14 11:28:56 2022 [2208][1][FATAL] SugarBean::populateDefaultValues $field_defs should be an array
Mon Nov 14 11:28:56 2022 [2208][1][FATAL] SugarBean::populateDefaultValues $field_defs should be an array
Mon Nov 14 11:30:37 2022 [1229][1][FATAL] SugarBean::populateDefaultValues $field_defs should be an array
Mon Nov 14 11:30:39 2022 [1229][1][FATAL] SugarBean::populateDefaultValues $field_defs should be an array
Mon Nov 14 11:30:39 2022 [1229][1][FATAL] SugarBean::populateDefaultValues $field_defs should be an array
Mon Nov 14 11:31:46 2022 [2208][1][FATAL] SugarBean::populateDefaultValues $field_defs should be an array
Mon Nov 14 11:31:49 2022 [2208][1][FATAL] SugarBean::populateDefaultValues $field_defs should be an array
Mon Nov 14 11:31:49 2022 [2208][1][FATAL] SugarBean::populateDefaultValues $field_defs should be an array
Mon Nov 14 11:32:17 2022 [1229][1][FATAL] SugarBean::populateDefaultValues $field_defs should be an array
Mon Nov 14 11:32:19 2022 [1229][1][FATAL] SugarBean::populateDefaultValues $field_defs should be an array
Mon Nov 14 11:32:20 2022 [1229][1][FATAL] SugarBean::populateDefaultValues $field_defs should be an array
Mon Nov 14 11:33:29 2022 [1227][1][FATAL] SugarBean::populateDefaultValues $field_defs should be an array
Mon Nov 14 11:33:31 2022 [1227][1][FATAL] SugarBean::populateDefaultValues $field_defs should be an array
Mon Nov 14 11:33:31 2022 [1227][1][FATAL] SugarBean::populateDefaultValues $field_defs should be an array
Mon Nov 14 11:35:12 2022 [2208][1][FATAL] SugarBean::populateDefaultValues $field_defs should be an array
Mon Nov 14 11:35:15 2022 [2208][1][FATAL] SugarBean::populateDefaultValues $field_defs should be an array
Mon Nov 14 11:35:15 2022 [2208][1][FATAL] SugarBean::populateDefaultValues $field_defs should be an array
Mon Nov 14 12:02:17 2022 [1229][1][FATAL] SugarBean::populateDefaultValues $field_defs should be an array
Mon Nov 14 12:02:19 2022 [1229][1][FATAL] SugarBean::populateDefaultValues $field_defs should be an array
Mon Nov 14 12:02:19 2022 [1229][1][FATAL] SugarBean::populateDefaultValues $field_defs should be an array
Mon Nov 14 12:06:25 2022 [2208][1][FATAL] SugarBean::populateDefaultValues $field_defs should be an array
Mon Nov 14 12:06:27 2022 [2208][1][FATAL] SugarBean::populateDefaultValues $field_defs should be an array
Mon Nov 14 12:06:28 2022 [1229][1][FATAL] SugarBean::populateDefaultValues $field_defs should be an array
Mon Nov 14 12:06:30 2022 [1229][1][FATAL] SugarBean::populateDefaultValues $field_defs should be an array
Mon Nov 14 12:06:30 2022 [1229][1][FATAL] SugarBean::populateDefaultValues $field_defs should be an array
Mon Nov 14 12:07:39 2022 [2208][1][FATAL] SugarBean::populateDefaultValues $field_defs should be an array
Mon Nov 14 12:07:40 2022 [2208][1][FATAL] SugarBean::populateDefaultValues $field_defs should be an array
Mon Nov 14 12:07:40 2022 [2208][1][FATAL] SugarBean::populateDefaultValues $field_defs should be an array
Mon Nov 14 12:12:02 2022 [1227][1][FATAL] SugarBean::populateDefaultValues $field_defs should be an array
Mon Nov 14 12:12:04 2022 [1227][1][FATAL] SugarBean::populateDefaultValues $field_defs should be an array
Mon Nov 14 12:12:05 2022 [1227][1][FATAL] SugarBean::populateDefaultValues $field_defs should be an array
Mon Nov 14 12:18:09 2022 [2208][1][FATAL] SugarBean::populateDefaultValues $field_defs should be an array
Mon Nov 14 12:18:11 2022 [2208][1][FATAL] SugarBean::populateDefaultValues $field_defs should be an array
Mon Nov 14 12:18:11 2022 [2208][1][FATAL] SugarBean::populateDefaultValues $field_defs should be an array
Mon Nov 14 12:18:44 2022 [1227][1][FATAL] SugarBean::populateDefaultValues $field_defs should be an array
Mon Nov 14 12:18:46 2022 [1227][1][FATAL] SugarBean::populateDefaultValues $field_defs should be an array
Mon Nov 14 12:18:46 2022 [1227][1][FATAL] SugarBean::populateDefaultValues $field_defs should be an array
Mon Nov 14 12:20:38 2022 [1229][1][FATAL] SugarBean::populateDefaultValues $field_defs should be an array
Mon Nov 14 12:20:39 2022 [1229][1][FATAL] SugarBean::populateDefaultValues $field_defs should be an array
Mon Nov 14 12:20:40 2022 [1229][1][FATAL] SugarBean::populateDefaultValues $field_defs should be an array
Mon Nov 14 12:22:11 2022 [1229][1][FATAL] SugarBean::populateDefaultValues $field_defs should be an array
Mon Nov 14 12:22:12 2022 [1229][1][FATAL] SugarBean::populateDefaultValues $field_defs should be an array
Mon Nov 14 12:22:12 2022 [1229][1][FATAL] SugarBean::populateDefaultValues $field_defs should be an array
Mon Nov 14 12:25:13 2022 [2208][1][FATAL] SugarBean::populateDefaultValues $field_defs should be an array
Mon Nov 14 12:25:14 2022 [2208][1][FATAL] SugarBean::populateDefaultValues $field_defs should be an array
Mon Nov 14 12:25:15 2022 [2208][1][FATAL] SugarBean::populateDefaultValues $field_defs should be an array
Mon Nov 14 12:25:48 2022 [1227][1][FATAL] SugarBean::populateDefaultValues $field_defs should be an array
Mon Nov 14 12:25:50 2022 [1227][1][FATAL] SugarBean::populateDefaultValues $field_defs should be an array
Mon Nov 14 12:25:50 2022 [1227][1][FATAL] SugarBean::populateDefaultValues $field_defs should be an array
Mon Nov 14 12:33:28 2022 [1229][1][FATAL] SugarBean::populateDefaultValues $field_defs should be an array
Mon Nov 14 12:33:30 2022 [1229][1][FATAL] SugarBean::populateDefaultValues $field_defs should be an array
Mon Nov 14 12:33:30 2022 [1229][1][FATAL] SugarBean::populateDefaultValues $field_defs should be an array
Mon Nov 14 12:37:49 2022 [1227][1][FATAL] SugarBean::populateDefaultValues $field_defs should be an array
Mon Nov 14 12:37:51 2022 [1227][1][FATAL] SugarBean::populateDefaultValues $field_defs should be an array
Mon Nov 14 12:37:51 2022 [1227][1][FATAL] SugarBean::populateDefaultValues $field_defs should be an array
Mon Nov 14 12:39:27 2022 [1227][1][FATAL] SugarBean::populateDefaultValues $field_defs should be an array
Mon Nov 14 12:39:28 2022 [1227][1][FATAL] SugarBean::populateDefaultValues $field_defs should be an array
Mon Nov 14 12:39:29 2022 [1227][1][FATAL] SugarBean::populateDefaultValues $field_defs should be an array
Mon Nov 14 12:41:37 2022 [2208][1][FATAL] SugarBean::populateDefaultValues $field_defs should be an array
Mon Nov 14 12:41:39 2022 [2208][1][FATAL] SugarBean::populateDefaultValues $field_defs should be an array
Mon Nov 14 12:41:39 2022 [2208][1][FATAL] SugarBean::populateDefaultValues $field_defs should be an array
Mon Nov 14 12:58:23 2022 [2208][1][FATAL] SugarBean::populateDefaultValues $field_defs should be an array
Mon Nov 14 12:58:24 2022 [2208][1][FATAL] SugarBean::populateDefaultValues $field_defs should be an array
Mon Nov 14 12:58:24 2022 [2208][1][FATAL] SugarBean::populateDefaultValues $field_defs should be an array
Mon Nov 14 12:59:38 2022 [1227][1][FATAL] SugarBean::populateDefaultValues $field_defs should be an array
Mon Nov 14 12:59:40 2022 [1227][1][FATAL] SugarBean::populateDefaultValues $field_defs should be an array
Mon Nov 14 12:59:40 2022 [1227][1][FATAL] SugarBean::populateDefaultValues $field_defs should be an array
Mon Nov 14 13:01:14 2022 [2208][1][FATAL] SugarBean::populateDefaultValues $field_defs should be an array
Mon Nov 14 13:01:16 2022 [2208][1][FATAL] SugarBean::populateDefaultValues $field_defs should be an array
Mon Nov 14 13:01:16 2022 [2208][1][FATAL] SugarBean::populateDefaultValues $field_defs should be an array
Mon Nov 14 13:02:52 2022 [1229][1][FATAL] SugarBean::populateDefaultValues $field_defs should be an array
Mon Nov 14 13:02:53 2022 [1229][1][FATAL] SugarBean::populateDefaultValues $field_defs should be an array
Mon Nov 14 13:02:53 2022 [1229][1][FATAL] SugarBean::populateDefaultValues $field_defs should be an array
Mon Nov 14 13:03:51 2022 [1229][1][FATAL] SugarBean::populateDefaultValues $field_defs should be an array
Mon Nov 14 13:03:54 2022 [1229][1][FATAL] SugarBean::populateDefaultValues $field_defs should be an array
Mon Nov 14 13:03:54 2022 [1229][1][FATAL] SugarBean::populateDefaultValues $field_defs should be an array
Mon Nov 14 13:04:48 2022 [1227][1][FATAL] SugarBean::populateDefaultValues $field_defs should be an array
Mon Nov 14 13:04:50 2022 [1227][1][FATAL] SugarBean::populateDefaultValues $field_defs should be an array
Mon Nov 14 13:04:50 2022 [1227][1][FATAL] SugarBean::populateDefaultValues $field_defs should be an array
Mon Nov 14 13:07:59 2022 [2208][1][FATAL] SugarBean::populateDefaultValues $field_defs should be an array
Mon Nov 14 13:08:02 2022 [2208][1][FATAL] SugarBean::populateDefaultValues $field_defs should be an array
Mon Nov 14 13:08:02 2022 [2208][1][FATAL] SugarBean::populateDefaultValues $field_defs should be an array
Mon Nov 14 13:09:36 2022 [2208][1][FATAL] SugarBean::populateDefaultValues $field_defs should be an array
Mon Nov 14 13:09:38 2022 [2208][1][FATAL] SugarBean::populateDefaultValues $field_defs should be an array
Mon Nov 14 13:09:39 2022 [2208][1][FATAL] SugarBean::populateDefaultValues $field_defs should be an array
Tue Nov 15 07:51:43 2022 [1229][1][FATAL] SugarBean::populateDefaultValues $field_defs should be an array
Tue Nov 15 07:51:49 2022 [2208][1][FATAL] SugarBean::populateDefaultValues $field_defs should be an array
Tue Nov 15 07:51:52 2022 [2208][1][FATAL] SugarBean::populateDefaultValues $field_defs should be an array
Tue Nov 15 07:51:52 2022 [2208][1][FATAL] SugarBean::populateDefaultValues $field_defs should be an array
Tue Nov 15 08:42:38 2022 [2208][1][FATAL] SugarBean::populateDefaultValues $field_defs should be an array
Tue Nov 15 08:42:40 2022 [2208][1][FATAL] SugarBean::populateDefaultValues $field_defs should be an array
Tue Nov 15 08:42:41 2022 [2208][1][FATAL] SugarBean::populateDefaultValues $field_defs should be an array
Tue Nov 15 08:44:16 2022 [1229][1][FATAL] SugarBean::populateDefaultValues $field_defs should be an array
Tue Nov 15 08:44:19 2022 [1229][1][FATAL] SugarBean::populateDefaultValues $field_defs should be an array
Tue Nov 15 08:44:19 2022 [1229][1][FATAL] SugarBean::populateDefaultValues $field_defs should be an array
Tue Nov 15 08:45:40 2022 [1229][-none-][FATAL] Mysqli_query failed.
Tue Nov 15 08:45:40 2022 [1229][-none-][FATAL]  Query Failed: 2022: MySQL error 1064: You have an error in your SQL syntax; check the manual that corresponds to your MariaDB server version for the right syntax to use near '2022' at line 1
Tue Nov 15 08:47:59 2022 [1229][1][FATAL] SugarBean::populateDefaultValues $field_defs should be an array
Tue Nov 15 08:48:02 2022 [1229][1][FATAL] SugarBean::populateDefaultValues $field_defs should be an array
Tue Nov 15 08:48:02 2022 [1229][1][FATAL] SugarBean::populateDefaultValues $field_defs should be an array
Tue Nov 15 08:51:00 2022 [1229][1][FATAL] SugarBean::populateDefaultValues $field_defs should be an array
Tue Nov 15 08:51:03 2022 [1229][1][FATAL] SugarBean::populateDefaultValues $field_defs should be an array
Tue Nov 15 08:51:03 2022 [1229][1][FATAL] SugarBean::populateDefaultValues $field_defs should be an array
Tue Nov 15 08:54:02 2022 [1227][1][FATAL] SugarBean::populateDefaultValues $field_defs should be an array
Tue Nov 15 08:54:04 2022 [1227][1][FATAL] SugarBean::populateDefaultValues $field_defs should be an array
Tue Nov 15 08:54:04 2022 [1227][1][FATAL] SugarBean::populateDefaultValues $field_defs should be an array
Tue Nov 15 08:56:08 2022 [1229][1][FATAL] SugarBean::populateDefaultValues $field_defs should be an array
Tue Nov 15 08:56:10 2022 [1229][1][FATAL] SugarBean::populateDefaultValues $field_defs should be an array
Tue Nov 15 08:56:10 2022 [1229][1][FATAL] SugarBean::populateDefaultValues $field_defs should be an array
Tue Nov 15 09:08:11 2022 [2208][1][FATAL] SugarBean::populateDefaultValues $field_defs should be an array
Tue Nov 15 09:08:14 2022 [2208][1][FATAL] SugarBean::populateDefaultValues $field_defs should be an array
Tue Nov 15 09:08:15 2022 [2208][1][FATAL] SugarBean::populateDefaultValues $field_defs should be an array
Tue Nov 15 09:11:08 2022 [1227][1][FATAL] SugarBean::populateDefaultValues $field_defs should be an array
Tue Nov 15 09:11:11 2022 [1227][1][FATAL] SugarBean::populateDefaultValues $field_defs should be an array
Tue Nov 15 09:11:11 2022 [1227][1][FATAL] SugarBean::populateDefaultValues $field_defs should be an array
Tue Nov 15 09:13:37 2022 [1227][1][FATAL] SugarBean::populateDefaultValues $field_defs should be an array
Tue Nov 15 09:13:39 2022 [1227][1][FATAL] SugarBean::populateDefaultValues $field_defs should be an array
Tue Nov 15 09:13:39 2022 [1227][1][FATAL] SugarBean::populateDefaultValues $field_defs should be an array
Tue Nov 15 09:16:17 2022 [1227][1][FATAL] SugarBean::populateDefaultValues $field_defs should be an array
Tue Nov 15 09:16:19 2022 [1227][1][FATAL] SugarBean::populateDefaultValues $field_defs should be an array
Tue Nov 15 09:16:20 2022 [1227][1][FATAL] SugarBean::populateDefaultValues $field_defs should be an array
Tue Nov 15 09:17:21 2022 [2208][1][FATAL] SugarBean::populateDefaultValues $field_defs should be an array
Tue Nov 15 09:17:23 2022 [2208][1][FATAL] SugarBean::populateDefaultValues $field_defs should be an array
Tue Nov 15 09:17:23 2022 [2208][1][FATAL] SugarBean::populateDefaultValues $field_defs should be an array
Tue Nov 15 09:18:35 2022 [2208][1][FATAL] SugarBean::populateDefaultValues $field_defs should be an array
Tue Nov 15 09:18:38 2022 [2208][1][FATAL] SugarBean::populateDefaultValues $field_defs should be an array
Tue Nov 15 09:18:38 2022 [2208][1][FATAL] SugarBean::populateDefaultValues $field_defs should be an array
Tue Nov 15 09:24:14 2022 [1227][1][FATAL] SugarBean::populateDefaultValues $field_defs should be an array
Tue Nov 15 09:24:16 2022 [1227][1][FATAL] SugarBean::populateDefaultValues $field_defs should be an array
Tue Nov 15 09:24:17 2022 [1227][1][FATAL] SugarBean::populateDefaultValues $field_defs should be an array
Tue Nov 15 09:32:21 2022 [1229][1][FATAL] SugarBean::populateDefaultValues $field_defs should be an array
Tue Nov 15 09:32:24 2022 [1229][1][FATAL] SugarBean::populateDefaultValues $field_defs should be an array
Tue Nov 15 09:32:26 2022 [1227][1][FATAL] SugarBean::populateDefaultValues $field_defs should be an array
Tue Nov 15 09:32:30 2022 [1227][1][FATAL] SugarBean::populateDefaultValues $field_defs should be an array
Tue Nov 15 09:32:30 2022 [1227][1][FATAL] SugarBean::populateDefaultValues $field_defs should be an array
Tue Nov 15 09:36:12 2022 [2208][1][FATAL] SugarBean::populateDefaultValues $field_defs should be an array
Tue Nov 15 09:36:15 2022 [2208][1][FATAL] SugarBean::populateDefaultValues $field_defs should be an array
Tue Nov 15 09:36:15 2022 [2208][1][FATAL] SugarBean::populateDefaultValues $field_defs should be an array
Tue Nov 15 09:38:12 2022 [1227][1][FATAL] SugarBean::populateDefaultValues $field_defs should be an array
Tue Nov 15 09:38:15 2022 [1227][1][FATAL] SugarBean::populateDefaultValues $field_defs should be an array
Tue Nov 15 09:38:16 2022 [1227][1][FATAL] SugarBean::populateDefaultValues $field_defs should be an array
Tue Nov 15 09:39:07 2022 [1229][1][FATAL] SugarBean::populateDefaultValues $field_defs should be an array
Tue Nov 15 09:39:10 2022 [1229][1][FATAL] SugarBean::populateDefaultValues $field_defs should be an array
Tue Nov 15 09:39:10 2022 [1229][1][FATAL] SugarBean::populateDefaultValues $field_defs should be an array
Tue Nov 15 09:39:55 2022 [2208][1][FATAL] SugarBean::populateDefaultValues $field_defs should be an array
Tue Nov 15 09:39:57 2022 [2208][1][FATAL] SugarBean::populateDefaultValues $field_defs should be an array
Tue Nov 15 09:39:58 2022 [2208][1][FATAL] SugarBean::populateDefaultValues $field_defs should be an array
Tue Nov 15 11:16:48 2022 [1227][1][FATAL] SugarBean::populateDefaultValues $field_defs should be an array
Tue Nov 15 11:16:51 2022 [1227][1][FATAL] SugarBean::populateDefaultValues $field_defs should be an array
Tue Nov 15 11:16:51 2022 [1227][1][FATAL] SugarBean::populateDefaultValues $field_defs should be an array
